[debug] [2025-11-04T11:00:10.108Z] ----------------------------------------------------------------------
[debug] [2025-11-04T11:00:10.112Z] Command:       /nix/store/ws50yvm6vzlzf7jzz6n7xh4szddrack1-nodejs-20.19.1/bin/node /nix/store/f77kilzcw5hh2gidh22k6pj8cp7pxp7h-firebase-tools-14.22.0/lib/node_modules/firebase-tools/lib/bin/firebase.js init hosting
[debug] [2025-11-04T11:00:10.112Z] CLI Version:   14.22.0
[debug] [2025-11-04T11:00:10.113Z] Platform:      linux
[debug] [2025-11-04T11:00:10.113Z] Node Version:  v20.19.1
[debug] [2025-11-04T11:00:10.113Z] Time:          Tue Nov 04 2025 11:00:10 GMT+0000 (Coordinated Universal Time)
[debug] [2025-11-04T11:00:10.113Z] ----------------------------------------------------------------------
[debug] 
[debug] [2025-11-04T11:00:10.121Z] Checked if tokens are valid: true, expires at: 1762257587734
[debug] [2025-11-04T11:00:10.122Z] Checked if tokens are valid: true, expires at: 1762257587734
[debug] [2025-11-04T11:00:10.127Z] >>> [apiv2][query] GET https://monospace-pa.googleapis.com/v1/workspaces/waterfilter-dc-html-91540131 [none]
[debug] [2025-11-04T11:00:11.185Z] <<< [apiv2][status] GET https://monospace-pa.googleapis.com/v1/workspaces/waterfilter-dc-html-91540131 200
[debug] [2025-11-04T11:00:11.185Z] <<< [apiv2][body] GET https://monospace-pa.googleapis.com/v1/workspaces/waterfilter-dc-html-91540131 {"workspaceId":"waterfilter-dc-html-91540131","name":"Waterfilter-DC-HTML","workspaceRedirectUrl":"firebase-waterfilter-dc-html-1762237943433.cluster-fdkw7vjj7bgguspe3fbbc25tra.cloudworkstations.dev","status":"WORKSPACE_STATUS_RUNNING","lastAccessDatetime":"2025-11-04T10:56:27.036683Z","workspaceTemplate":"WORKSPACE_TEMPLATE_BLANK_WEB","owner":"SELF","serviceAccountEmail":"msp-4875196003072983553@monospace-1.iam.gserviceaccount.com","gitRepoUrl":"https://github.com/idealchop/Waterfilter-DC-HTML","enableNix":true,"ownerEmail":"jimbs.work@gmail.com","workstationAccessToken":"eyJhbGciOiJSUzI1NiIsInR5cCI6IkpXVCJ9.eyJpc3MiOiJodHRwczovL2Nsb3VkLmdvb2dsZS5jb20vd29ya3N0YXRpb25zIiwiYXVkIjoiZmlyZWJhc2Utd2F0ZXJmaWx0ZXItZGMtaHRtbC0xNzYyMjM3OTQzNDMzLmNsdXN0ZXItZmRrdzd2amo3YmdndXNwZTNmYmJjMjV0cmEuY2xvdWR3b3Jrc3RhdGlvbnMuZGV2IiwiaWF0IjoxNzYyMjU0MDExLCJleHAiOjE3NjIzNDA0MTF9.d0Pgx5fOc41VwPsxPxvMCsUeDJliVjR-1eShjAgtMCrfPild-fzM027Z_-y2IJiqI6FCy_Gz-GNRLtGxRJKp6INEVLXCrecagqTIM_Fc3NxTyjZ14NpyhJ2D18eYZTCod3X-XpeAM1rlioRLUCCYdxgB6MIGC697F9mgSz268IeVo03Yygm3Wujekue0JhxAg743n3_DrE4xaug_ApyFEQHjEwwjPBomokLVQFJKwlBOe08tT7LI8T99uZefhtOh1VpODhK8Gy6Vmfiuexqpn9MyLTn9SHrw1FPy4J741BKubaoUppfVb1ABudOUy93-6Q5Edq3xFyK8uOAxgx2Nqw"}
[info] 
     ######## #### ########  ######## ########     ###     ######  ########
     ##        ##  ##     ## ##       ##     ##  ##   ##  ##       ##
     ######    ##  ########  ######   ########  #########  ######  ######
     ##        ##  ##    ##  ##       ##     ## ##     ##       ## ##
     ##       #### ##     ## ######## ########  ##     ##  ######  ########

You're about to initialize a Firebase project in this directory:

  /home/user/Waterfilter-DC-HTML

[info] 
=== Project Setup
[info] 
[info] First, let's associate this project directory with a Firebase project.
[info] You can create multiple project aliases by running firebase use --add, 
[info] 
